<?xml version="1.0" encoding="UTF-8"?>
<robot generator="Robot 3.1.2 (Python 3.8.2 on win32)" generated="20200312 14:20:52.411" rpa="false">
<suite id="s1" name="Form Login" source="C:\Users\henrique.cutri\Documents\Henrique\QA Ninja\Robot\web\tests\form_login.robot">
<test id="s1-t1" name="Login With Sucess">
<kw name="Nova sessão" library="base" type="setup">
<kw name="Open Browser" library="SeleniumLibrary">
<doc>Opens a new browser instance to the optional ``url``.</doc>
<arguments>
<arg>${url}</arg>
<arg>chrome</arg>
</arguments>
<msg timestamp="20200312 14:20:52.776" level="INFO">Opening browser 'chrome' to base url 'https://training-wheels-protocol.herokuapp.com'.</msg>
<status status="PASS" starttime="20200312 14:20:52.775" endtime="20200312 14:21:00.575"></status>
</kw>
<status status="PASS" starttime="20200312 14:20:52.775" endtime="20200312 14:21:00.575"></status>
</kw>
<kw name="Go To" library="SeleniumLibrary">
<doc>Navigates the current browser window to the provided ``url``.</doc>
<arguments>
<arg>${url}/login</arg>
</arguments>
<msg timestamp="20200312 14:21:00.576" level="INFO">Opening url 'https://training-wheels-protocol.herokuapp.com/login'</msg>
<status status="PASS" starttime="20200312 14:21:00.576" endtime="20200312 14:21:01.082"></status>
</kw>
<kw name="Login With">
<arguments>
<arg>stark</arg>
<arg>jarvis!</arg>
</arguments>
<kw name="Input Text" library="SeleniumLibrary">
<doc>Types the given ``text`` into the text field identified by ``locator``.</doc>
<arguments>
<arg>css:input[name=username]</arg>
<arg>${uname}</arg>
</arguments>
<msg timestamp="20200312 14:21:01.084" level="INFO">Typing text 'stark' into text field 'css:input[name=username]'.</msg>
<status status="PASS" starttime="20200312 14:21:01.084" endtime="20200312 14:21:01.194"></status>
</kw>
<kw name="Input Text" library="SeleniumLibrary">
<doc>Types the given ``text`` into the text field identified by ``locator``.</doc>
<arguments>
<arg>css:input[name=password]</arg>
<arg>${pass}</arg>
</arguments>
<msg timestamp="20200312 14:21:01.195" level="INFO">Typing text 'jarvis!' into text field 'css:input[name=password]'.</msg>
<status status="PASS" starttime="20200312 14:21:01.194" endtime="20200312 14:21:01.308"></status>
</kw>
<kw name="Click Element" library="SeleniumLibrary">
<doc>Click the element identified by ``locator``.</doc>
<arguments>
<arg>class:btn-login</arg>
</arguments>
<msg timestamp="20200312 14:21:01.308" level="INFO">Clicking element 'class:btn-login'.</msg>
<status status="PASS" starttime="20200312 14:21:01.308" endtime="20200312 14:21:01.839"></status>
</kw>
<status status="PASS" starttime="20200312 14:21:01.083" endtime="20200312 14:21:01.840"></status>
</kw>
<kw name="Page Should Contain" library="SeleniumLibrary">
<doc>Verifies that current page contains ``text``.</doc>
<arguments>
<arg>Tony Stark</arg>
</arguments>
<msg timestamp="20200312 14:21:01.863" level="INFO">Current page contains text 'Tony Stark'.</msg>
<status status="PASS" starttime="20200312 14:21:01.841" endtime="20200312 14:21:01.863"></status>
</kw>
<kw name="Encerra sessão" library="base" type="teardown">
<kw name="Capture Page Screenshot" library="SeleniumLibrary">
<doc>Takes a screenshot of the current page and embeds it into a log file.</doc>
<msg timestamp="20200312 14:21:02.246" level="INFO" html="yes">&lt;/td&gt;&lt;/tr&gt;&lt;tr&gt;&lt;td colspan="3"&gt;&lt;a href="selenium-screenshot-41.png"&gt;&lt;img src="selenium-screenshot-41.png" width="800px"&gt;&lt;/a&gt;</msg>
<status status="PASS" starttime="20200312 14:21:01.864" endtime="20200312 14:21:02.247"></status>
</kw>
<kw name="Close Browser" library="SeleniumLibrary">
<doc>Closes the current browser.</doc>
<status status="PASS" starttime="20200312 14:21:02.247" endtime="20200312 14:21:04.389"></status>
</kw>
<status status="PASS" starttime="20200312 14:21:01.864" endtime="20200312 14:21:04.390"></status>
</kw>
<status status="PASS" starttime="20200312 14:20:52.773" endtime="20200312 14:21:04.391" critical="yes"></status>
</test>
<test id="s1-t2" name="Login With Wrong Password">
<kw name="Nova sessão" library="base" type="setup">
<kw name="Open Browser" library="SeleniumLibrary">
<doc>Opens a new browser instance to the optional ``url``.</doc>
<arguments>
<arg>${url}</arg>
<arg>chrome</arg>
</arguments>
<msg timestamp="20200312 14:21:04.401" level="INFO">Opening browser 'chrome' to base url 'https://training-wheels-protocol.herokuapp.com'.</msg>
<status status="PASS" starttime="20200312 14:21:04.401" endtime="20200312 14:21:12.099"></status>
</kw>
<status status="PASS" starttime="20200312 14:21:04.400" endtime="20200312 14:21:12.099"></status>
</kw>
<kw name="Go To" library="SeleniumLibrary">
<doc>Navigates the current browser window to the provided ``url``.</doc>
<arguments>
<arg>${url}/login</arg>
</arguments>
<msg timestamp="20200312 14:21:12.100" level="INFO">Opening url 'https://training-wheels-protocol.herokuapp.com/login'</msg>
<status status="PASS" starttime="20200312 14:21:12.100" endtime="20200312 14:21:12.572"></status>
</kw>
<kw name="Login With">
<arguments>
<arg>stark</arg>
<arg>errei</arg>
</arguments>
<kw name="Input Text" library="SeleniumLibrary">
<doc>Types the given ``text`` into the text field identified by ``locator``.</doc>
<arguments>
<arg>css:input[name=username]</arg>
<arg>${uname}</arg>
</arguments>
<msg timestamp="20200312 14:21:12.574" level="INFO">Typing text 'stark' into text field 'css:input[name=username]'.</msg>
<status status="PASS" starttime="20200312 14:21:12.573" endtime="20200312 14:21:12.701"></status>
</kw>
<kw name="Input Text" library="SeleniumLibrary">
<doc>Types the given ``text`` into the text field identified by ``locator``.</doc>
<arguments>
<arg>css:input[name=password]</arg>
<arg>${pass}</arg>
</arguments>
<msg timestamp="20200312 14:21:12.701" level="INFO">Typing text 'errei' into text field 'css:input[name=password]'.</msg>
<status status="PASS" starttime="20200312 14:21:12.701" endtime="20200312 14:21:12.824"></status>
</kw>
<kw name="Click Element" library="SeleniumLibrary">
<doc>Click the element identified by ``locator``.</doc>
<arguments>
<arg>class:btn-login</arg>
</arguments>
<msg timestamp="20200312 14:21:12.824" level="INFO">Clicking element 'class:btn-login'.</msg>
<status status="PASS" starttime="20200312 14:21:12.824" endtime="20200312 14:21:13.375"></status>
</kw>
<status status="PASS" starttime="20200312 14:21:12.573" endtime="20200312 14:21:13.376"></status>
</kw>
<kw name="Should Contain Login Alert">
<arguments>
<arg>Senha é invalida!</arg>
</arguments>
<kw name="Get WebElement" library="SeleniumLibrary">
<doc>Returns the first WebElement matching the given ``locator``.</doc>
<arguments>
<arg>id:flash</arg>
</arguments>
<assign>
<var>${message}</var>
</assign>
<msg timestamp="20200312 14:21:13.395" level="INFO">${message} = &lt;selenium.webdriver.remote.webelement.WebElement (session="2a52fad6172062c6a28299ba578d2bf4", element="1712d28a-74eb-4023-8e48-ede4e12cbbe5")&gt;</msg>
<status status="PASS" starttime="20200312 14:21:13.377" endtime="20200312 14:21:13.395"></status>
</kw>
<kw name="Should Contain" library="BuiltIn">
<doc>Fails if ``container`` does not contain ``item`` one or more times.</doc>
<arguments>
<arg>${message.text}</arg>
<arg>${expect_message}</arg>
</arguments>
<status status="PASS" starttime="20200312 14:21:13.396" endtime="20200312 14:21:13.421"></status>
</kw>
<status status="PASS" starttime="20200312 14:21:13.376" endtime="20200312 14:21:13.421"></status>
</kw>
<kw name="Encerra sessão" library="base" type="teardown">
<kw name="Capture Page Screenshot" library="SeleniumLibrary">
<doc>Takes a screenshot of the current page and embeds it into a log file.</doc>
<msg timestamp="20200312 14:21:13.784" level="INFO" html="yes">&lt;/td&gt;&lt;/tr&gt;&lt;tr&gt;&lt;td colspan="3"&gt;&lt;a href="selenium-screenshot-42.png"&gt;&lt;img src="selenium-screenshot-42.png" width="800px"&gt;&lt;/a&gt;</msg>
<status status="PASS" starttime="20200312 14:21:13.422" endtime="20200312 14:21:13.784"></status>
</kw>
<kw name="Close Browser" library="SeleniumLibrary">
<doc>Closes the current browser.</doc>
<status status="PASS" starttime="20200312 14:21:13.785" endtime="20200312 14:21:15.987"></status>
</kw>
<status status="PASS" starttime="20200312 14:21:13.422" endtime="20200312 14:21:15.987"></status>
</kw>
<tags>
<tag>login_error</tag>
</tags>
<status status="PASS" starttime="20200312 14:21:04.398" endtime="20200312 14:21:15.989" critical="yes"></status>
</test>
<test id="s1-t3" name="Login With Wrong Username">
<kw name="Nova sessão" library="base" type="setup">
<kw name="Open Browser" library="SeleniumLibrary">
<doc>Opens a new browser instance to the optional ``url``.</doc>
<arguments>
<arg>${url}</arg>
<arg>chrome</arg>
</arguments>
<msg timestamp="20200312 14:21:16.000" level="INFO">Opening browser 'chrome' to base url 'https://training-wheels-protocol.herokuapp.com'.</msg>
<status status="PASS" starttime="20200312 14:21:15.999" endtime="20200312 14:21:23.449"></status>
</kw>
<status status="PASS" starttime="20200312 14:21:15.998" endtime="20200312 14:21:23.449"></status>
</kw>
<kw name="Go To" library="SeleniumLibrary">
<doc>Navigates the current browser window to the provided ``url``.</doc>
<arguments>
<arg>${url}/login</arg>
</arguments>
<msg timestamp="20200312 14:21:23.450" level="INFO">Opening url 'https://training-wheels-protocol.herokuapp.com/login'</msg>
<status status="PASS" starttime="20200312 14:21:23.450" endtime="20200312 14:21:23.941"></status>
</kw>
<kw name="Login With">
<arguments>
<arg>jarvinho</arg>
<arg>jarvis!</arg>
</arguments>
<kw name="Input Text" library="SeleniumLibrary">
<doc>Types the given ``text`` into the text field identified by ``locator``.</doc>
<arguments>
<arg>css:input[name=username]</arg>
<arg>${uname}</arg>
</arguments>
<msg timestamp="20200312 14:21:23.942" level="INFO">Typing text 'jarvinho' into text field 'css:input[name=username]'.</msg>
<status status="PASS" starttime="20200312 14:21:23.942" endtime="20200312 14:21:24.079"></status>
</kw>
<kw name="Input Text" library="SeleniumLibrary">
<doc>Types the given ``text`` into the text field identified by ``locator``.</doc>
<arguments>
<arg>css:input[name=password]</arg>
<arg>${pass}</arg>
</arguments>
<msg timestamp="20200312 14:21:24.079" level="INFO">Typing text 'jarvis!' into text field 'css:input[name=password]'.</msg>
<status status="PASS" starttime="20200312 14:21:24.079" endtime="20200312 14:21:24.203"></status>
</kw>
<kw name="Click Element" library="SeleniumLibrary">
<doc>Click the element identified by ``locator``.</doc>
<arguments>
<arg>class:btn-login</arg>
</arguments>
<msg timestamp="20200312 14:21:24.204" level="INFO">Clicking element 'class:btn-login'.</msg>
<status status="PASS" starttime="20200312 14:21:24.203" endtime="20200312 14:21:24.769"></status>
</kw>
<status status="PASS" starttime="20200312 14:21:23.941" endtime="20200312 14:21:24.770"></status>
</kw>
<kw name="Should Contain Login Alert">
<arguments>
<arg>O usuário informado não está cadastrado!</arg>
</arguments>
<kw name="Get WebElement" library="SeleniumLibrary">
<doc>Returns the first WebElement matching the given ``locator``.</doc>
<arguments>
<arg>id:flash</arg>
</arguments>
<assign>
<var>${message}</var>
</assign>
<msg timestamp="20200312 14:21:24.786" level="INFO">${message} = &lt;selenium.webdriver.remote.webelement.WebElement (session="6a844c1ff55177353619935f159b305a", element="1ff23520-0cce-4bf1-9a61-49b908a158d5")&gt;</msg>
<status status="PASS" starttime="20200312 14:21:24.771" endtime="20200312 14:21:24.786"></status>
</kw>
<kw name="Should Contain" library="BuiltIn">
<doc>Fails if ``container`` does not contain ``item`` one or more times.</doc>
<arguments>
<arg>${message.text}</arg>
<arg>${expect_message}</arg>
</arguments>
<status status="PASS" starttime="20200312 14:21:24.787" endtime="20200312 14:21:24.811"></status>
</kw>
<status status="PASS" starttime="20200312 14:21:24.770" endtime="20200312 14:21:24.811"></status>
</kw>
<kw name="Encerra sessão" library="base" type="teardown">
<kw name="Capture Page Screenshot" library="SeleniumLibrary">
<doc>Takes a screenshot of the current page and embeds it into a log file.</doc>
<msg timestamp="20200312 14:21:25.181" level="INFO" html="yes">&lt;/td&gt;&lt;/tr&gt;&lt;tr&gt;&lt;td colspan="3"&gt;&lt;a href="selenium-screenshot-43.png"&gt;&lt;img src="selenium-screenshot-43.png" width="800px"&gt;&lt;/a&gt;</msg>
<status status="PASS" starttime="20200312 14:21:24.812" endtime="20200312 14:21:25.181"></status>
</kw>
<kw name="Close Browser" library="SeleniumLibrary">
<doc>Closes the current browser.</doc>
<status status="PASS" starttime="20200312 14:21:25.181" endtime="20200312 14:21:28.180"></status>
</kw>
<status status="PASS" starttime="20200312 14:21:24.812" endtime="20200312 14:21:28.180"></status>
</kw>
<tags>
<tag>username_error</tag>
</tags>
<status status="PASS" starttime="20200312 14:21:15.996" endtime="20200312 14:21:28.181" critical="yes"></status>
</test>
<status status="PASS" starttime="20200312 14:20:52.413" endtime="20200312 14:21:28.186"></status>
</suite>
<statistics>
<total>
<stat pass="3" fail="0">Critical Tests</stat>
<stat pass="3" fail="0">All Tests</stat>
</total>
<tag>
<stat pass="1" fail="0">login_error</stat>
<stat pass="1" fail="0">username_error</stat>
</tag>
<suite>
<stat pass="3" fail="0" id="s1" name="Form Login">Form Login</stat>
</suite>
</statistics>
<errors>
</errors>
</robot>
