<?xml version="1.0" encoding="UTF-8"?>
<robot generator="Robot 3.1.2 (Python 3.8.2 on win32)" generated="20200311 11:18:25.215" rpa="false">
<suite id="s1" name="Test" source="c:\qaninja\robot\test.robot">
<test id="s1-t1" name="Deve retornar mensagem de boas vindas">
<kw name="Welcome" library="app">
<arguments>
<arg>Henrique</arg>
</arguments>
<assign>
<var>${result}</var>
</assign>
<msg timestamp="20200311 11:18:25.263" level="INFO">${result} = Olá Henrique, Ben vindo ao Curso básico de Robot Framework!</msg>
<status status="PASS" starttime="20200311 11:18:25.263" endtime="20200311 11:18:25.263"></status>
</kw>
<kw name="Should Be Equal" library="BuiltIn">
<doc>Fails if the given objects are unequal.</doc>
<arguments>
<arg>${result}</arg>
<arg>Olá Henrique, Bem vindo ao Curso básico de Robot Framework!</arg>
</arguments>
<msg timestamp="20200311 11:18:25.264" level="FAIL">Olá Henrique, Ben vindo ao Curso básico de Robot Framework! != Olá Henrique, Bem vindo ao Curso básico de Robot Framework!</msg>
<status status="FAIL" starttime="20200311 11:18:25.264" endtime="20200311 11:18:25.264"></status>
</kw>
<status status="FAIL" starttime="20200311 11:18:25.262" endtime="20200311 11:18:25.265" critical="yes">Olá Henrique, Ben vindo ao Curso básico de Robot Framework! != Olá Henrique, Bem vindo ao Curso básico de Robot Framework!</status>
</test>
<status status="FAIL" starttime="20200311 11:18:25.217" endtime="20200311 11:18:25.269"></status>
</suite>
<statistics>
<total>
<stat pass="0" fail="1">Critical Tests</stat>
<stat pass="0" fail="1">All Tests</stat>
</total>
<tag>
</tag>
<suite>
<stat pass="0" fail="1" id="s1" name="Test">Test</stat>
</suite>
</statistics>
<errors>
</errors>
</robot>
